2025-01-11 11:03:55.041 [info] [main] Log level: Info
2025-01-11 11:03:55.041 [info] [main] Validating found git in: "git"
2025-01-11 11:03:55.041 [info] [main] Using git "2.43.0" from "git"
2025-01-11 11:03:55.041 [info] [Model][doInitialScan] Initial repository scan started
2025-01-11 11:03:55.041 [info] > git rev-parse --show-toplevel [2ms]
2025-01-11 11:03:55.041 [info] > git rev-parse --git-dir --git-common-dir [2ms]
2025-01-11 11:03:55.041 [info] [Model][openRepository] Opened repository: /workspace/project
2025-01-11 11:03:55.041 [info] > git config --get commit.template [4ms]
2025-01-11 11:03:55.041 [info] > git rev-parse --show-toplevel [5ms]
2025-01-11 11:03:55.041 [info] > git for-each-ref --format=%(refname)%00%(upstream:short)%00%(objectname)%00%(upstream:track)%00%(upstream:remotename)%00%(upstream:remoteref) refs/heads/main refs/remotes/main [10ms]
2025-01-11 11:03:55.041 [info] > git rev-parse --show-toplevel [7ms]
2025-01-11 11:03:55.041 [warning] [Git][revParse] Unable to read file: ENOENT: no such file or directory, open '/workspace/project/.git/refs/remotes/origin/main'
2025-01-11 11:03:55.041 [info] > git rev-parse refs/remotes/origin/main [3ms]
2025-01-11 11:03:55.041 [info] > git status -z -uall [5ms]
2025-01-11 11:03:55.041 [info] > git rev-parse --show-toplevel [9ms]
2025-01-11 11:03:55.041 [info] > git for-each-ref --sort -committerdate --format %(refname) %(objectname) %(*objectname) [6ms]
2025-01-11 11:03:55.041 [info] > git rev-parse --show-toplevel [16ms]
2025-01-11 11:03:55.041 [info] [Model][doInitialScan] Initial repository scan completed - repositories (1), closed repositories (0), parent repositories (0), unsafe repositories (0)
2025-01-11 11:03:55.041 [info] > git config --get commit.template [4ms]
2025-01-11 11:03:55.041 [info] > git for-each-ref --format=%(refname)%00%(upstream:short)%00%(objectname)%00%(upstream:track)%00%(upstream:remotename)%00%(upstream:remoteref) refs/heads/main refs/remotes/main [10ms]
2025-01-11 11:03:55.041 [info] > git config --local branch.main.vscode-merge-base [1ms]
2025-01-11 11:03:55.041 [info] > git for-each-ref --format=%(refname)%00%(upstream:short)%00%(objectname)%00%(upstream:track)%00%(upstream:remotename)%00%(upstream:remoteref) refs/heads/main refs/remotes/main [10ms]
2025-01-11 11:03:55.041 [warning] [Git][revParse] Unable to read file: ENOENT: no such file or directory, open '/workspace/project/.git/refs/remotes/origin/main'
2025-01-11 11:03:55.041 [info] > git rev-parse refs/remotes/origin/main [4ms]
2025-01-11 11:03:55.041 [info] > git for-each-ref --format=%(refname)%00%(upstream:short)%00%(objectname)%00%(upstream:track)%00%(upstream:remotename)%00%(upstream:remoteref) refs/heads/origin/main refs/remotes/origin/main [13ms]
2025-01-11 11:03:55.041 [info] > git status -z -uall [23ms]
2025-01-11 11:03:55.041 [info] > git merge-base refs/heads/main refs/remotes/origin/main [17ms]
2025-01-11 11:03:55.041 [info] > git for-each-ref --sort -committerdate --format %(refname) %(objectname) %(*objectname) [23ms]
2025-01-11 11:03:55.041 [info] > git diff --name-status -z --diff-filter=ADMR b47da2f1aefd5ecd3a04aaf48b0ac5b8b779948b...refs/remotes/origin/main [7ms]
2025-01-11 11:03:55.041 [info] > git merge-base refs/heads/main refs/remotes/origin/main [9ms]
2025-01-11 11:03:55.041 [info] > git diff --name-status -z --diff-filter=ADMR b47da2f1aefd5ecd3a04aaf48b0ac5b8b779948b...refs/remotes/origin/main [2ms]
2025-01-11 11:03:55.554 [info] > git check-ignore -v -z --stdin [2ms]
2025-01-11 11:04:00.262 [info] > git config --local branch.main.github-pr-owner-number [101ms]
2025-01-11 11:04:00.262 [warning] [Git][config] git config failed: Failed to execute git
2025-01-11 11:07:10.051 [info] > git log --format=%H%n%aN%n%aE%n%at%n%ct%n%P%n%D%n%B -z --shortstat --diff-merges=first-parent -n50 --skip=0 --topo-order --decorate=full --stdin [36ms]
2025-01-11 11:07:10.536 [info] > git check-ignore -v -z --stdin [2ms]
2025-01-11 11:07:12.859 [info] > git diff-tree -r --name-status -z --diff-filter=ADMR 7cba5c314d7651b69b6582b4831897f6fbc5a33c bfae33f359a5aa4e5429eaa69e44da6a56f4c1b1 [3ms]
2025-01-11 11:07:13.078 [info] > git show --textconv 7cba5c314d7651b69b6582b4831897f6fbc5a33c:freeCodeCamp/test/.next_command [11ms]
2025-01-11 11:07:13.078 [info] > git show --textconv bfae33f359a5aa4e5429eaa69e44da6a56f4c1b1:freeCodeCamp/test/.next_command [8ms]
2025-01-11 11:07:13.079 [info] > git ls-tree -l 7cba5c314d7651b69b6582b4831897f6fbc5a33c -- /workspace/project/freeCodeCamp/test/.next_command [5ms]
2025-01-11 11:07:13.080 [info] > git ls-tree -l bfae33f359a5aa4e5429eaa69e44da6a56f4c1b1 -- /workspace/project/freeCodeCamp/test/.next_command [2ms]
2025-01-11 11:07:13.587 [info] > git check-ignore -v -z --stdin [3ms]
2025-01-11 11:07:20.078 [info] > git diff-tree -r --name-status -z --diff-filter=ADMR 1059510913fe650f69c475d52b2e83cbdbabce8e 5a90d6db71a9f0bcd03ca456cd1e0da4fff1034b [2ms]
2025-01-11 11:07:20.966 [info] > git show --textconv 1059510913fe650f69c475d52b2e83cbdbabce8e:freeCodeCamp/test/.cwd [22ms]
2025-01-11 11:07:20.966 [info] > git show --textconv 5a90d6db71a9f0bcd03ca456cd1e0da4fff1034b:freeCodeCamp/test/.cwd [19ms]
2025-01-11 11:07:20.966 [info] > git show --textconv 1059510913fe650f69c475d52b2e83cbdbabce8e:freeCodeCamp/test/.next_command [15ms]
2025-01-11 11:07:20.966 [info] > git show --textconv 5a90d6db71a9f0bcd03ca456cd1e0da4fff1034b:freeCodeCamp/test/.next_command [13ms]
2025-01-11 11:07:20.966 [info] > git ls-tree -l 1059510913fe650f69c475d52b2e83cbdbabce8e -- /workspace/project/freeCodeCamp/test/.next_command [4ms]
2025-01-11 11:07:20.966 [info] > git ls-tree -l 5a90d6db71a9f0bcd03ca456cd1e0da4fff1034b -- /workspace/project/freeCodeCamp/test/.cwd [7ms]
2025-01-11 11:07:20.967 [info] > git ls-tree -l 1059510913fe650f69c475d52b2e83cbdbabce8e -- /workspace/project/freeCodeCamp/test/.cwd [11ms]
2025-01-11 11:07:20.968 [info] > git ls-tree -l 5a90d6db71a9f0bcd03ca456cd1e0da4fff1034b -- /workspace/project/freeCodeCamp/test/.next_command [4ms]
2025-01-11 11:07:21.474 [info] > git check-ignore -v -z --stdin [2ms]
2025-01-11 11:07:21.507 [info] > git diff-tree -r --name-status -z --diff-filter=ADMR 7cba5c314d7651b69b6582b4831897f6fbc5a33c bfae33f359a5aa4e5429eaa69e44da6a56f4c1b1 [3ms]
2025-01-11 11:07:31.537 [info] > git log --format=%H%n%aN%n%aE%n%at%n%ct%n%P%n%D%n%B -z --shortstat --diff-merges=first-parent -n50 --skip=50 --topo-order --decorate=full --stdin [24ms]
2025-01-11 11:07:34.543 [info] > git log --format=%H%n%aN%n%aE%n%at%n%ct%n%P%n%D%n%B -z --shortstat --diff-merges=first-parent -n50 --skip=0 --topo-order --decorate=full --stdin [23ms]
2025-01-11 11:07:44.791 [info] > git config --get commit.template [5ms]
2025-01-11 11:07:44.799 [info] > git for-each-ref --format=%(refname)%00%(upstream:short)%00%(objectname)%00%(upstream:track)%00%(upstream:remotename)%00%(upstream:remoteref) refs/heads/main refs/remotes/main [9ms]
2025-01-11 11:07:44.803 [warning] [Git][revParse] Unable to read file: ENOENT: no such file or directory, open '/workspace/project/.git/refs/remotes/origin/main'
2025-01-11 11:07:44.804 [info] > git rev-parse refs/remotes/origin/main [1ms]
2025-01-11 11:07:44.812 [info] > git status -z -uall [4ms]
2025-01-11 11:07:44.814 [info] > git for-each-ref --sort -committerdate --format %(refname) %(objectname) %(*objectname) [3ms]
2025-01-11 11:08:08.191 [info] > git config --get commit.template [4ms]
2025-01-11 11:08:08.199 [info] > git for-each-ref --format=%(refname)%00%(upstream:short)%00%(objectname)%00%(upstream:track)%00%(upstream:remotename)%00%(upstream:remoteref) refs/heads/main refs/remotes/main [9ms]
2025-01-11 11:08:08.203 [warning] [Git][revParse] Unable to read file: ENOENT: no such file or directory, open '/workspace/project/.git/refs/remotes/origin/main'
2025-01-11 11:08:08.204 [info] > git rev-parse refs/remotes/origin/main [1ms]
2025-01-11 11:08:08.211 [info] > git status -z -uall [4ms]
2025-01-11 11:08:08.213 [info] > git for-each-ref --sort -committerdate --format %(refname) %(objectname) %(*objectname) [2ms]
2025-01-11 11:08:25.225 [info] > git ls-tree -l 1059510913fe650f69c475d52b2e83cbdbabce8e -- /workspace/project/freeCodeCamp/test/.next_command [4ms]
2025-01-11 11:08:25.226 [info] > git ls-tree -l 5a90d6db71a9f0bcd03ca456cd1e0da4fff1034b -- /workspace/project/freeCodeCamp/test/.cwd [7ms]
2025-01-11 11:08:25.226 [info] > git ls-tree -l 1059510913fe650f69c475d52b2e83cbdbabce8e -- /workspace/project/freeCodeCamp/test/.cwd [10ms]
2025-01-11 11:08:25.227 [info] > git ls-tree -l 5a90d6db71a9f0bcd03ca456cd1e0da4fff1034b -- /workspace/project/freeCodeCamp/test/.next_command [3ms]
2025-01-11 11:08:43.568 [info] > git config --get commit.template [4ms]
2025-01-11 11:08:43.576 [info] > git for-each-ref --format=%(refname)%00%(upstream:short)%00%(objectname)%00%(upstream:track)%00%(upstream:remotename)%00%(upstream:remoteref) refs/heads/main refs/remotes/main [9ms]
2025-01-11 11:08:43.579 [warning] [Git][revParse] Unable to read file: ENOENT: no such file or directory, open '/workspace/project/.git/refs/remotes/origin/main'
2025-01-11 11:08:43.581 [info] > git rev-parse refs/remotes/origin/main [2ms]
2025-01-11 11:08:43.588 [info] > git status -z -uall [4ms]
2025-01-11 11:08:43.591 [info] > git for-each-ref --sort -committerdate --format %(refname) %(objectname) %(*objectname) [2ms]
