2025-01-11 11:03:52.928 [info] Log level: Info
2025-01-11 11:03:53.956 [info] VSCODE_MACHINE_ID: someValue.machineId
2025-01-11 11:03:53.956 [info] VSCODE_SESSION_ID: someValue.sessionId
2025-01-11 11:03:53.956 [info] VSCODE_VERSION: 1.96.0
2025-01-11 11:03:53.956 [info] VSCODE_APP_NAME: Gitpod Code
2025-01-11 11:03:53.956 [info] VSCODE_APP_HOST: Gitpod
2025-01-11 11:03:53.956 [info] VSCODE_UI_KIND: web
2025-01-11 11:03:53.956 [info] GITPOD_WORKSPACE_CONTEXT_URL: https://github.com/freeCodeCamp/learn-bash-by-building-a-boilerplate
2025-01-11 11:03:53.956 [info] GITPOD_INSTANCE_ID: 14b52638-ae1c-4e8a-845c-453e9c79a080
2025-01-11 11:03:53.956 [info] GITPOD_WORKSPACE_URL: https://freecodecam-learnbashby-84vscqbard5.ws-us117.gitpod.io
2025-01-11 11:03:53.964 [info] Gitpod Web 3953e81
2025-01-11 11:03:53.964 [info] Reading sessions from keychain...
2025-01-11 11:03:54.422 [info] Getting sessions for all scopes...
2025-01-11 11:03:54.422 [info] Getting sessions for all scopes...
2025-01-11 11:03:54.422 [info] Getting GitHub sessions for all scopes...
2025-01-11 11:03:54.422 [info] Getting sessions for function:accessCodeSyncStorage...
2025-01-11 11:03:54.422 [info] Got 1 GitHub sessions for all scopes...
2025-01-11 11:03:54.423 [info] Got stored sessions!
2025-01-11 11:03:54.423 [info] Verified session with the following scopes: function:accessCodeSyncStorage function:closePort function:controlAdmission function:deleteEnvVar function:generateNewGitpodToken function:getDefaultWorkspaceImage function:getGitpodTokenScopes function:getIDToken function:getLoggedInUser function:getOpenPorts function:getSupportedWorkspaceClasses function:getTeams function:getToken function:getWorkspace function:getWorkspaceEnvVars function:getWorkspaceOwner function:getWorkspaceTimeout function:getWorkspaceUsers function:guessGitTokenScopes function:isWorkspaceOwner function:openPort function:sendHeartBeat function:setEnvVar function:setWorkspaceTimeout function:stopWorkspace function:takeSnapshot function:trackEvent function:updateGitStatus function:waitForSnapshot resource:contentBlob::*::create/get resource:envVar::*/**::update resource:envVar::*/*::update resource:envVar::freeCodeCamp/learn-bash-by-building-a-boilerplate::create/get/update/delete resource:gitpodToken::*::create resource:snapshot::ws-freecodecam-learnbashby-84vscqbard5::create resource:token::*::get resource:userStorage::*::create/get/update resource:workspace::freecodecam-learnbashby-84vscqbard5::get/update resource:workspaceInstance::14b52638-ae1c-4e8a-845c-453e9c79a080::get/update/delete
2025-01-11 11:03:54.423 [info] Got 1 verified sessions.
2025-01-11 11:03:54.423 [info] Got 1 sessions for all scopes...
2025-01-11 11:03:54.423 [info] Got 1 sessions for all scopes...
2025-01-11 11:03:54.423 [info] Got 1 sessions for function:accessCodeSyncStorage...
2025-01-11 11:03:55.038 [info] Getting GitHub sessions for all scopes...
2025-01-11 11:03:55.038 [info] Getting GitHub sessions for all scopes...
2025-01-11 11:03:55.038 [info] Getting sessions for all scopes...
2025-01-11 11:03:55.038 [info] Got 1 GitHub sessions for all scopes...
2025-01-11 11:03:55.038 [info] Got 1 GitHub sessions for all scopes...
2025-01-11 11:03:55.038 [info] Got 1 sessions for all scopes...
2025-01-11 11:03:55.693 [info] Getting GitHub sessions for read:user,repo,user:email,workflow...
2025-01-11 11:03:55.693 [info] Got 1 GitHub sessions for read:user,repo,user:email,workflow...
2025-01-11 11:03:57.245 [info] Getting GitHub sessions for read:user,repo,user:email,workflow...
2025-01-11 11:03:57.245 [info] Got 1 GitHub sessions for read:user,repo,user:email,workflow...
2025-01-11 11:03:57.531 [info] Getting GitHub sessions for project,read:org,read:user,repo,user:email,workflow...
2025-01-11 11:03:57.531 [info] Got 0 GitHub sessions for project,read:org,read:user,repo,user:email,workflow...
2025-01-11 11:03:58.270 [info] Getting GitHub sessions for read:user,repo,user:email,workflow...
2025-01-11 11:03:58.270 [info] Got 1 GitHub sessions for read:user,repo,user:email,workflow...
