2025-01-11 11:10:49.345 [info] [main] Log level: Info
2025-01-11 11:10:49.345 [info] [main] Validating found git in: "git"
2025-01-11 11:10:49.345 [info] [main] Using git "2.43.0" from "git"
2025-01-11 11:10:49.345 [info] [Model][doInitialScan] Initial repository scan started
2025-01-11 11:10:49.345 [info] > git rev-parse --show-toplevel [3ms]
2025-01-11 11:10:49.345 [info] > git rev-parse --git-dir --git-common-dir [2ms]
2025-01-11 11:10:49.345 [info] [Model][openRepository] Opened repository: /workspace/project
2025-01-11 11:10:49.345 [info] > git config --get commit.template [4ms]
2025-01-11 11:10:49.345 [info] > git rev-parse --show-toplevel [6ms]
2025-01-11 11:10:49.345 [info] > git for-each-ref --format=%(refname)%00%(upstream:short)%00%(objectname)%00%(upstream:track)%00%(upstream:remotename)%00%(upstream:remoteref) refs/heads/main refs/remotes/main [127ms]
2025-01-11 11:10:49.345 [info] > git rev-parse --show-toplevel [123ms]
2025-01-11 11:10:49.345 [warning] [Git][revParse] Unable to read file: ENOENT: no such file or directory, open '/workspace/project/.git/refs/remotes/origin/main'
2025-01-11 11:10:49.345 [info] > git rev-parse refs/remotes/origin/main [5ms]
2025-01-11 11:10:49.345 [info] > git status -z -uall [7ms]
2025-01-11 11:10:49.345 [info] > git rev-parse --show-toplevel [13ms]
2025-01-11 11:10:49.345 [info] > git for-each-ref --sort -committerdate --format %(refname) %(objectname) %(*objectname) [14ms]
2025-01-11 11:10:49.345 [info] > git rev-parse --show-toplevel [21ms]
2025-01-11 11:10:49.345 [info] [Model][doInitialScan] Initial repository scan completed - repositories (1), closed repositories (0), parent repositories (0), unsafe repositories (0)
2025-01-11 11:10:49.345 [info] > git for-each-ref --format=%(refname)%00%(upstream:short)%00%(objectname)%00%(upstream:track)%00%(upstream:remotename)%00%(upstream:remoteref) refs/heads/main refs/remotes/main [42ms]
2025-01-11 11:10:49.345 [info] > git config --get commit.template [59ms]
2025-01-11 11:10:49.345 [info] > git config --local branch.main.vscode-merge-base [6ms]
2025-01-11 11:10:49.345 [info] > git for-each-ref --format=%(refname)%00%(upstream:short)%00%(objectname)%00%(upstream:track)%00%(upstream:remotename)%00%(upstream:remoteref) refs/heads/origin/main refs/remotes/origin/main [2ms]
2025-01-11 11:10:49.345 [info] > git for-each-ref --format=%(refname)%00%(upstream:short)%00%(objectname)%00%(upstream:track)%00%(upstream:remotename)%00%(upstream:remoteref) refs/heads/main refs/remotes/main [15ms]
2025-01-11 11:10:49.345 [warning] [Git][revParse] Unable to read file: ENOENT: no such file or directory, open '/workspace/project/.git/refs/remotes/origin/main'
2025-01-11 11:10:49.345 [info] > git merge-base refs/heads/main refs/remotes/origin/main [10ms]
2025-01-11 11:10:49.346 [info] > git diff --name-status -z --diff-filter=ADMR b47da2f1aefd5ecd3a04aaf48b0ac5b8b779948b...refs/remotes/origin/main [7ms]
2025-01-11 11:10:49.346 [info] > git rev-parse refs/remotes/origin/main [12ms]
2025-01-11 11:10:49.353 [info] > git status -z -uall [4ms]
2025-01-11 11:10:49.355 [info] > git for-each-ref --sort -committerdate --format %(refname) %(objectname) %(*objectname) [3ms]
2025-01-11 11:10:50.044 [info] > git check-ignore -v -z --stdin [2ms]
2025-01-11 11:10:52.597 [info] > git config --local branch.main.github-pr-owner-number [107ms]
2025-01-11 11:10:52.597 [warning] [Git][config] git config failed: Failed to execute git
2025-01-11 11:11:48.484 [info] > git config --get commit.template [4ms]
2025-01-11 11:11:48.492 [info] > git for-each-ref --format=%(refname)%00%(upstream:short)%00%(objectname)%00%(upstream:track)%00%(upstream:remotename)%00%(upstream:remoteref) refs/heads/main refs/remotes/main [9ms]
2025-01-11 11:11:48.496 [warning] [Git][revParse] Unable to read file: ENOENT: no such file or directory, open '/workspace/project/.git/refs/remotes/origin/main'
2025-01-11 11:11:48.497 [info] > git rev-parse refs/remotes/origin/main [1ms]
2025-01-11 11:11:48.506 [info] > git status -z -uall [5ms]
2025-01-11 11:11:48.509 [info] > git for-each-ref --sort -committerdate --format %(refname) %(objectname) %(*objectname) [2ms]
2025-01-11 11:11:53.521 [info] > git config --get commit.template [4ms]
2025-01-11 11:11:53.530 [info] > git for-each-ref --format=%(refname)%00%(upstream:short)%00%(objectname)%00%(upstream:track)%00%(upstream:remotename)%00%(upstream:remoteref) refs/heads/main refs/remotes/main [9ms]
2025-01-11 11:11:53.533 [warning] [Git][revParse] Unable to read file: ENOENT: no such file or directory, open '/workspace/project/.git/refs/remotes/origin/main'
2025-01-11 11:11:53.534 [info] > git rev-parse refs/remotes/origin/main [1ms]
2025-01-11 11:11:53.542 [info] > git status -z -uall [3ms]
2025-01-11 11:11:53.544 [info] > git for-each-ref --sort -committerdate --format %(refname) %(objectname) %(*objectname) [3ms]
