2025-01-11 11:09:15.244 [info] Extension host with pid 23384 started
2025-01-11 11:09:15.251 [info] Lock '/workspace/.vscode-remote/data/User/workspaceStorage/2c857721/vscode.lock': Lock acquired.
2025-01-11 11:09:15.451 [info] ExtensionService#_doActivateExtension gitpod.gitpod-web, startup: false, activationEvent: 'onAuthenticationRequest:gitpod'
2025-01-11 11:09:16.164 [info] ExtensionService#_doActivateExtension vscode.git-base, startup: true, activationEvent: '*', root cause: vscode.git
2025-01-11 11:09:16.372 [info] ExtensionService#_doActivateExtension vscode.git, startup: true, activationEvent: '*'
2025-01-11 11:09:16.372 [info] ExtensionService#_doActivateExtension vscode.github, startup: true, activationEvent: '*'
2025-01-11 11:09:16.754 [info] ExtensionService#_doActivateExtension redhat.vscode-yaml, startup: false, activationEvent: 'onLanguage:yaml'
2025-01-11 11:09:16.754 [info] ExtensionService#_doActivateExtension vscode.emmet, startup: false, activationEvent: 'onLanguage'
2025-01-11 11:09:16.900 [info] Eager extensions activated
2025-01-11 11:09:16.900 [info] ExtensionService#_doActivateExtension vscode.debug-auto-launch, startup: false, activationEvent: 'onStartupFinished'
2025-01-11 11:09:16.900 [info] ExtensionService#_doActivateExtension vscode.merge-conflict, startup: false, activationEvent: 'onStartupFinished'
2025-01-11 11:09:16.901 [info] ExtensionService#_doActivateExtension vscode.github-authentication, startup: false, activationEvent: 'onStartupFinished', root cause: GitHub.vscode-pull-request-github
2025-01-11 11:09:16.901 [info] ExtensionService#_doActivateExtension PKief.material-icon-theme, startup: false, activationEvent: 'onStartupFinished'
2025-01-11 11:09:17.146 [info] ExtensionService#_doActivateExtension GitHub.vscode-pull-request-github, startup: false, activationEvent: 'onStartupFinished'
2025-01-11 11:09:17.339 [warning] [redhat.vscode-yaml] Accessing a resource scoped configuration without providing a resource is not expected. To get the effective value for '[yaml]', provide the URI of a resource or 'null' for any resource.
2025-01-11 11:09:17.340 [warning] [redhat.vscode-yaml] Accessing a resource scoped configuration without providing a resource is not expected. To get the effective value for '[yaml]', provide the URI of a resource or 'null' for any resource.
2025-01-11 11:09:18.094 [info] ExtensionService#_doActivateExtension vscode.configuration-editing, startup: false, activationEvent: 'onLanguage:jsonc'
2025-01-11 11:09:18.095 [info] ExtensionService#_doActivateExtension vscode.json-language-features, startup: false, activationEvent: 'onLanguage:jsonc'
2025-01-11 11:09:18.095 [info] ExtensionService#_doActivateExtension vscode.typescript-language-features, startup: false, activationEvent: 'onLanguage:jsonc'
2025-01-11 11:09:33.120 [info] ExtensionService#_doActivateExtension vscode.npm, startup: false, activationEvent: 'onTerminalQuickFixRequest:ms-vscode.npm-command'
2025-01-11 11:09:39.822 [info] ExtensionService#_doActivateExtension vscode.extension-editing, startup: false, activationEvent: 'onLanguage:json'
2025-01-11 11:10:03.690 [warning] [redhat.vscode-yaml] Accessing a resource scoped configuration without providing a resource is not expected. To get the effective value for '[yaml]', provide the URI of a resource or 'null' for any resource.
2025-01-11 11:12:58.402 [warning] [Decorations] CAPPING events from decorations provider vscode.git 1199
2025-01-11 11:12:58.445 [warning] [Decorations] CAPPING events from decorations provider vscode.git 1199
2025-01-11 11:13:09.828 [warning] [Decorations] CAPPING events from decorations provider vscode.git 1200
2025-01-11 11:13:59.418 [warning] [redhat.vscode-yaml] Accessing a resource scoped configuration without providing a resource is not expected. To get the effective value for '[yaml]', provide the URI of a resource or 'null' for any resource.
2025-01-11 11:14:28.809 [warning] [Decorations] CAPPING events from decorations provider vscode.git 1201
2025-01-11 11:26:45.588 [error] Error: Git error
	at ChildProcess.<anonymous> (/ide/extensions/git/dist/main.js:2:1058252)
	at ChildProcess.emit (node:events:530:35)
	at ChildProcess._handle.onexit (node:internal/child_process:293:12)
2025-01-11 11:26:45.588 [error] Error: Git error
	at ChildProcess.<anonymous> (/ide/extensions/git/dist/main.js:2:1058252)
	at ChildProcess.emit (node:events:530:35)
	at ChildProcess._handle.onexit (node:internal/child_process:293:12)
2025-01-11 11:26:45.588 [error] Error: Git error
	at ChildProcess.<anonymous> (/ide/extensions/git/dist/main.js:2:1058252)
	at ChildProcess.emit (node:events:530:35)
	at ChildProcess._handle.onexit (node:internal/child_process:293:12)
2025-01-11 11:26:45.588 [error] Error: Git error
	at ChildProcess.<anonymous> (/ide/extensions/git/dist/main.js:2:1058252)
	at ChildProcess.emit (node:events:530:35)
	at ChildProcess._handle.onexit (node:internal/child_process:293:12)
2025-01-11 11:26:45.588 [error] Error: Git error
	at ChildProcess.<anonymous> (/ide/extensions/git/dist/main.js:2:1058252)
	at ChildProcess.emit (node:events:530:35)
	at ChildProcess._handle.onexit (node:internal/child_process:293:12)
2025-01-11 11:26:45.588 [error] Error: Git error
	at ChildProcess.<anonymous> (/ide/extensions/git/dist/main.js:2:1058252)
	at ChildProcess.emit (node:events:530:35)
	at ChildProcess._handle.onexit (node:internal/child_process:293:12)
2025-01-11 11:26:45.588 [error] Error: Git error
	at ChildProcess.<anonymous> (/ide/extensions/git/dist/main.js:2:1058252)
	at ChildProcess.emit (node:events:530:35)
	at ChildProcess._handle.onexit (node:internal/child_process:293:12)
2025-01-11 11:26:45.588 [error] Error: Git error
	at ChildProcess.<anonymous> (/ide/extensions/git/dist/main.js:2:1058252)
	at ChildProcess.emit (node:events:530:35)
	at ChildProcess._handle.onexit (node:internal/child_process:293:12)
2025-01-11 11:26:46.589 [error] Error: Git error
	at ChildProcess.<anonymous> (/ide/extensions/git/dist/main.js:2:1058252)
	at ChildProcess.emit (node:events:530:35)
	at ChildProcess._handle.onexit (node:internal/child_process:293:12)
2025-01-11 11:26:46.589 [error] Error: Git error
	at ChildProcess.<anonymous> (/ide/extensions/git/dist/main.js:2:1058252)
	at ChildProcess.emit (node:events:530:35)
	at ChildProcess._handle.onexit (node:internal/child_process:293:12)
2025-01-11 11:26:46.590 [error] Error: Git error
	at ChildProcess.<anonymous> (/ide/extensions/git/dist/main.js:2:1058252)
	at ChildProcess.emit (node:events:530:35)
	at ChildProcess._handle.onexit (node:internal/child_process:293:12)
2025-01-11 11:26:46.590 [error] Error: Git error
	at ChildProcess.<anonymous> (/ide/extensions/git/dist/main.js:2:1058252)
	at ChildProcess.emit (node:events:530:35)
	at ChildProcess._handle.onexit (node:internal/child_process:293:12)
2025-01-11 11:26:46.590 [error] Error: Git error
	at ChildProcess.<anonymous> (/ide/extensions/git/dist/main.js:2:1058252)
	at ChildProcess.emit (node:events:530:35)
	at ChildProcess._handle.onexit (node:internal/child_process:293:12)
2025-01-11 11:26:46.590 [error] Error: Git error
	at ChildProcess.<anonymous> (/ide/extensions/git/dist/main.js:2:1058252)
	at ChildProcess.emit (node:events:530:35)
	at ChildProcess._handle.onexit (node:internal/child_process:293:12)
2025-01-11 11:26:46.591 [error] Error: Git error
	at ChildProcess.<anonymous> (/ide/extensions/git/dist/main.js:2:1058252)
	at ChildProcess.emit (node:events:530:35)
	at ChildProcess._handle.onexit (node:internal/child_process:293:12)
2025-01-11 11:26:46.591 [error] Error: Git error
	at ChildProcess.<anonymous> (/ide/extensions/git/dist/main.js:2:1058252)
	at ChildProcess.emit (node:events:530:35)
	at ChildProcess._handle.onexit (node:internal/child_process:293:12)
2025-01-11 11:27:47.282 [warning] [Decorations] CAPPING events from decorations provider vscode.git 293
2025-01-11 11:27:48.805 [warning] [Decorations] CAPPING events from decorations provider vscode.git 257
2025-01-11 11:27:58.856 [warning] [Decorations] CAPPING events from decorations provider vscode.git 257
2025-01-11 11:28:03.880 [warning] [Decorations] CAPPING events from decorations provider vscode.git 257
2025-01-11 11:28:06.555 [warning] [Decorations] CAPPING events from decorations provider vscode.git 257
2025-01-11 11:28:08.904 [warning] [Decorations] CAPPING events from decorations provider vscode.git 257
2025-01-11 11:28:13.926 [warning] [Decorations] CAPPING events from decorations provider vscode.git 257
2025-01-11 11:28:18.951 [warning] [Decorations] CAPPING events from decorations provider vscode.git 257
2025-01-11 11:28:23.974 [warning] [Decorations] CAPPING events from decorations provider vscode.git 257
2025-01-11 11:28:26.007 [warning] [Decorations] CAPPING events from decorations provider vscode.git 257
2025-01-11 11:28:28.998 [warning] [Decorations] CAPPING events from decorations provider vscode.git 257
2025-01-11 11:28:34.021 [warning] [Decorations] CAPPING events from decorations provider vscode.git 257
2025-01-11 11:28:39.045 [warning] [Decorations] CAPPING events from decorations provider vscode.git 257
2025-01-11 11:28:42.596 [warning] [Decorations] CAPPING events from decorations provider vscode.git 257
2025-01-11 11:28:43.676 [warning] [Decorations] CAPPING events from decorations provider vscode.git 257
2025-01-11 11:28:44.068 [warning] [Decorations] CAPPING events from decorations provider vscode.git 257
2025-01-11 11:28:44.860 [warning] [Decorations] CAPPING events from decorations provider vscode.git 257
2025-01-11 11:28:48.707 [warning] [Decorations] CAPPING events from decorations provider vscode.git 257
2025-01-11 11:28:49.094 [warning] [Decorations] CAPPING events from decorations provider vscode.git 256
2025-01-11 11:28:54.870 [warning] [Decorations] CAPPING events from decorations provider vscode.git 256
2025-01-11 11:28:59.895 [warning] [Decorations] CAPPING events from decorations provider vscode.git 256
2025-01-11 11:29:02.855 [warning] [Decorations] CAPPING events from decorations provider vscode.git 256
2025-01-11 11:29:03.995 [warning] [Decorations] CAPPING events from decorations provider vscode.git 256
