2025-01-11 11:09:16.961 [info] [main] Log level: Info
2025-01-11 11:09:16.962 [info] [main] Validating found git in: "git"
2025-01-11 11:09:16.962 [info] [main] Using git "2.43.0" from "git"
2025-01-11 11:09:16.962 [info] [Model][doInitialScan] Initial repository scan started
2025-01-11 11:09:16.962 [info] > git rev-parse --show-toplevel [2ms]
2025-01-11 11:09:16.962 [info] fatal: not a git repository (or any parent up to mount point /)
Stopping at filesystem boundary (GIT_DISCOVERY_ACROSS_FILESYSTEM not set).
2025-01-11 11:09:16.962 [info] > git rev-parse --show-toplevel [1ms]
2025-01-11 11:09:16.962 [info] fatal: not a git repository (or any parent up to mount point /)
Stopping at filesystem boundary (GIT_DISCOVERY_ACROSS_FILESYSTEM not set).
2025-01-11 11:09:16.962 [info] > git rev-parse --show-toplevel [1ms]
2025-01-11 11:09:16.962 [info] fatal: not a git repository (or any parent up to mount point /)
Stopping at filesystem boundary (GIT_DISCOVERY_ACROSS_FILESYSTEM not set).
2025-01-11 11:09:16.962 [info] > git rev-parse --show-toplevel [1ms]
2025-01-11 11:09:16.962 [info] > git rev-parse --git-dir --git-common-dir [2ms]
2025-01-11 11:09:16.962 [info] [Model][openRepository] Opened repository: /workspace/project
2025-01-11 11:09:16.962 [info] [Model][doInitialScan] Initial repository scan completed - repositories (1), closed repositories (0), parent repositories (0), unsafe repositories (0)
2025-01-11 11:09:16.962 [info] > git config --get commit.template [5ms]
2025-01-11 11:09:16.962 [info] > git for-each-ref --format=%(refname)%00%(upstream:short)%00%(objectname)%00%(upstream:track)%00%(upstream:remotename)%00%(upstream:remoteref) refs/heads/main refs/remotes/main [10ms]
2025-01-11 11:09:16.962 [warning] [Git][revParse] Unable to read file: ENOENT: no such file or directory, open '/workspace/project/.git/refs/remotes/origin/main'
2025-01-11 11:09:16.962 [info] > git rev-parse refs/remotes/origin/main [1ms]
2025-01-11 11:09:16.962 [info] > git status -z -uall [5ms]
2025-01-11 11:09:16.962 [info] > git for-each-ref --sort -committerdate --format %(refname) %(objectname) %(*objectname) [2ms]
2025-01-11 11:09:16.962 [info] > git for-each-ref --format=%(refname)%00%(upstream:short)%00%(objectname)%00%(upstream:track)%00%(upstream:remotename)%00%(upstream:remoteref) refs/heads/main refs/remotes/main [9ms]
2025-01-11 11:09:16.962 [info] > git config --get commit.template [8ms]
2025-01-11 11:09:16.962 [info] > git for-each-ref --format=%(refname)%00%(upstream:short)%00%(objectname)%00%(upstream:track)%00%(upstream:remotename)%00%(upstream:remoteref) refs/heads/main refs/remotes/main [129ms]
2025-01-11 11:09:16.962 [info] > git config --local branch.main.vscode-merge-base [125ms]
2025-01-11 11:09:16.962 [warning] [Git][revParse] Unable to read file: ENOENT: no such file or directory, open '/workspace/project/.git/refs/remotes/origin/main'
2025-01-11 11:09:16.962 [info] > git for-each-ref --format=%(refname)%00%(upstream:short)%00%(objectname)%00%(upstream:track)%00%(upstream:remotename)%00%(upstream:remoteref) refs/heads/origin/main refs/remotes/origin/main [4ms]
2025-01-11 11:09:16.962 [info] > git rev-parse refs/remotes/origin/main [6ms]
2025-01-11 11:09:16.962 [info] > git status -z -uall [4ms]
2025-01-11 11:09:16.962 [info] > git merge-base refs/heads/main refs/remotes/origin/main [53ms]
2025-01-11 11:09:16.962 [info] > git for-each-ref --sort -committerdate --format %(refname) %(objectname) %(*objectname) [50ms]
2025-01-11 11:09:16.962 [info] > git diff --name-status -z --diff-filter=ADMR b47da2f1aefd5ecd3a04aaf48b0ac5b8b779948b...refs/remotes/origin/main [8ms]
2025-01-11 11:09:16.962 [info] > git merge-base refs/heads/main refs/remotes/origin/main [9ms]
2025-01-11 11:09:16.968 [info] > git diff --name-status -z --diff-filter=ADMR b47da2f1aefd5ecd3a04aaf48b0ac5b8b779948b...refs/remotes/origin/main [3ms]
2025-01-11 11:09:17.510 [info] > git check-ignore -v -z --stdin [2ms]
2025-01-11 11:09:19.055 [info] > git config --get commit.template [6ms]
2025-01-11 11:09:19.063 [info] > git for-each-ref --format=%(refname)%00%(upstream:short)%00%(objectname)%00%(upstream:track)%00%(upstream:remotename)%00%(upstream:remoteref) refs/heads/main refs/remotes/main [9ms]
2025-01-11 11:09:19.067 [warning] [Git][revParse] Unable to read file: ENOENT: no such file or directory, open '/workspace/project/.git/refs/remotes/origin/main'
2025-01-11 11:09:19.069 [info] > git rev-parse refs/remotes/origin/main [2ms]
2025-01-11 11:09:19.079 [info] > git status -z -uall [6ms]
2025-01-11 11:09:19.081 [info] > git for-each-ref --sort -committerdate --format %(refname) %(objectname) %(*objectname) [3ms]
2025-01-11 11:09:20.299 [info] > git config --local branch.main.github-pr-owner-number [114ms]
2025-01-11 11:09:20.299 [warning] [Git][config] git config failed: Failed to execute git
2025-01-11 11:09:34.199 [info] > git config --get commit.template [5ms]
2025-01-11 11:09:34.207 [info] > git for-each-ref --format=%(refname)%00%(upstream:short)%00%(objectname)%00%(upstream:track)%00%(upstream:remotename)%00%(upstream:remoteref) refs/heads/main refs/remotes/main [9ms]
2025-01-11 11:09:34.211 [warning] [Git][revParse] Unable to read file: ENOENT: no such file or directory, open '/workspace/project/.git/refs/remotes/origin/main'
2025-01-11 11:09:34.212 [info] > git rev-parse refs/remotes/origin/main [1ms]
2025-01-11 11:09:34.221 [info] > git status -z -uall [5ms]
2025-01-11 11:09:34.224 [info] > git for-each-ref --sort -committerdate --format %(refname) %(objectname) %(*objectname) [3ms]
2025-01-11 11:09:40.321 [info] > git check-ignore -v -z --stdin [2ms]
2025-01-11 11:09:43.432 [info] > git rev-parse --show-toplevel [1ms]
2025-01-11 11:09:43.432 [info] fatal: not a git repository (or any parent up to mount point /)
Stopping at filesystem boundary (GIT_DISCOVERY_ACROSS_FILESYSTEM not set).
2025-01-11 11:09:59.345 [info] > git check-ignore -v -z --stdin [2ms]
2025-01-11 11:10:03.692 [info] > git rev-parse --show-toplevel [3ms]
2025-01-11 11:10:03.692 [info] fatal: not a git repository (or any parent up to mount point /)
Stopping at filesystem boundary (GIT_DISCOVERY_ACROSS_FILESYSTEM not set).
2025-01-11 11:10:03.710 [info] > git log --format=%H%n%aN%n%aE%n%at%n%ct%n%P%n%D%n%B -z --shortstat --diff-merges=first-parent -n50 --skip=0 --topo-order --decorate=full --stdin [35ms]
2025-01-11 11:10:04.200 [info] > git check-ignore -v -z --stdin [2ms]
2025-01-11 11:10:21.876 [info] > git add -A -- . [5ms]
2025-01-11 11:10:22.911 [info] > git show --textconv :.git/COMMIT_EDITMSG [7ms]
2025-01-11 11:10:22.911 [info] > git ls-files --stage -- /workspace/project/.git/COMMIT_EDITMSG [2ms]
2025-01-11 11:10:23.074 [info] > git check-ignore -v -z --stdin [2ms]
2025-01-11 11:10:23.437 [info] > git ls-files --stage -- /workspace/project/.git/COMMIT_EDITMSG [1ms]
2025-01-11 11:10:23.626 [info] > git show --textconv :.git/COMMIT_EDITMSG [2ms]
2025-01-11 11:12:34.489 [info] > git ls-files --stage -- /workspace/project/.git/COMMIT_EDITMSG [2ms]
2025-01-11 11:12:34.679 [info] > git show --textconv :.git/COMMIT_EDITMSG [2ms]
2025-01-11 11:12:58.356 [info] > git rev-parse --show-toplevel [2ms]
2025-01-11 11:12:58.362 [info] > git rev-parse --git-dir --git-common-dir [2ms]
2025-01-11 11:12:58.366 [info] [Model][openRepository] Opened repository: /workspace
2025-01-11 11:12:58.375 [info] [Git][getRemotes] No remotes found in the git config file
2025-01-11 11:12:58.376 [info] > git config --get commit.template [5ms]
2025-01-11 11:12:58.377 [info] > git for-each-ref --format=%(refname)%00%(upstream:short)%00%(objectname)%00%(upstream:track)%00%(upstream:remotename)%00%(upstream:remoteref) refs/heads/master refs/remotes/master [2ms]
2025-01-11 11:12:58.377 [warning] [Git][getBranch] No such branch: master
2025-01-11 11:12:58.387 [info] > git status -z -uall [6ms]
2025-01-11 11:12:58.387 [info] > git for-each-ref --sort -committerdate --format %(refname) %(objectname) %(*objectname) [2ms]
2025-01-11 11:12:58.417 [info] > git for-each-ref --format=%(refname)%00%(upstream:short)%00%(objectname)%00%(upstream:track)%00%(upstream:remotename)%00%(upstream:remoteref) refs/heads/master refs/remotes/master [7ms]
2025-01-11 11:12:58.417 [warning] [Git][getBranch] No such branch: master
2025-01-11 11:12:58.418 [error] [GitHistoryProvider][resolveHEADMergeBase] Failed to resolve merge base for master: Error: No such branch: master.
2025-01-11 11:12:58.423 [info] [Git][getRemotes] No remotes found in the git config file
2025-01-11 11:12:58.424 [info] > git config --get commit.template [7ms]
2025-01-11 11:12:58.425 [info] > git for-each-ref --format=%(refname)%00%(upstream:short)%00%(objectname)%00%(upstream:track)%00%(upstream:remotename)%00%(upstream:remoteref) refs/heads/master refs/remotes/master [2ms]
2025-01-11 11:12:58.425 [warning] [Git][getBranch] No such branch: master
2025-01-11 11:12:58.435 [info] > git status -z -uall [7ms]
2025-01-11 11:12:58.438 [info] > git for-each-ref --sort -committerdate --format %(refname) %(objectname) %(*objectname) [5ms]
2025-01-11 11:12:59.121 [info] > git check-ignore -v -z --stdin [5ms]
2025-01-11 11:12:59.122 [info] > git check-ignore -v -z --stdin [2ms]
2025-01-11 11:12:59.375 [info] > git config --local branch.master.github-pr-owner-number [1ms]
2025-01-11 11:12:59.375 [warning] [Git][config] git config failed: Failed to execute git
2025-01-11 11:12:59.380 [info] > git config --local branch.master.remote [2ms]
2025-01-11 11:12:59.380 [warning] [Git][config] git config failed: Failed to execute git
2025-01-11 11:12:59.386 [info] > git config --local branch.master.merge [2ms]
2025-01-11 11:12:59.386 [warning] [Git][config] git config failed: Failed to execute git
2025-01-11 11:13:04.741 [info] > git ls-files --stage -- /workspace/project/.git/COMMIT_EDITMSG [2ms]
2025-01-11 11:13:04.932 [info] > git show --textconv :.git/COMMIT_EDITMSG [2ms]
